<?xml version="1.0" encoding="UTF-8"?>
<testsuite name="com.yaopingping.mybatis.UserMapperTest" tests="1" skipped="0" failures="0" errors="0" timestamp="2016-04-20T10:44:46" hostname="CNppyao.local" time="0.339">
  <properties/>
  <testcase name="shouldInsetUserSuccess" classname="com.yaopingping.mybatis.UserMapperTest" time="0.339"/>
  <system-out><![CDATA[]]></system-out>
  <system-err><![CDATA[SLF4J: Failed to load class "org.slf4j.impl.StaticLoggerBinder".
SLF4J: Defaulting to no-operation (NOP) logger implementation
SLF4J: See http://www.slf4j.org/codes.html#StaticLoggerBinder for further details.
]]></system-err>
</testsuite>
